ESA LIFE CEO 61×21 - Test Execution Summary
Generated: Thu Sep 11 03:29:01 PM UTC 2025
━━━━━━━━━━━━━━━━━━━━━━━━━━━━━━━━━━━━━━

[Authentication]
  Status: FAILED
  Tests: 0 passed, 1 failed, 0 skipped
  Duration: 4600ms

[Profile Management]
  Status: FAILED
  Tests: 0 passed, 1 failed, 0 skipped
  Duration: 5568ms

[Posts/Memories]
  Status: FAILED
  Tests: 0 passed, 1 failed, 0 skipped
  Duration: 4504ms

[Events]
  Status: FAILED
  Tests: 0 passed, 1 failed, 0 skipped
  Duration: 3093ms

[Groups]
  Status: FAILED
  Tests: 0 passed, 1 failed, 0 skipped
  Duration: 4024ms

[Real-time Messaging]
  Status: FAILED
  Tests: 0 passed, 1 failed, 0 skipped
  Duration: 3170ms

[Search Functionality]
  Status: FAILED
  Tests: 0 passed, 1 failed, 0 skipped
  Duration: 3070ms

[Admin Panel]
  Status: FAILED
  Tests: 0 passed, 1 failed, 0 skipped
  Duration: 3229ms

[Mobile Responsiveness]
  Status: FAILED
  Tests: 0 passed, 1 failed, 0 skipped
  Duration: 3171ms

