ESA LIFE CEO 61×21 - Test Execution Summary
Generated: Thu Sep 11 03:35:49 PM UTC 2025
━━━━━━━━━━━━━━━━━━━━━━━━━━━━━━━━━━━━━━

[Authentication]
  Status: FAILED
  Tests: 0 passed, 1 failed, 0 skipped
  Duration: 4156ms

[Profile Management]
  Status: FAILED
  Tests: 0 passed, 1 failed, 0 skipped
  Duration: 3626ms

[Posts/Memories]
  Status: FAILED
  Tests: 0 passed, 1 failed, 0 skipped
  Duration: 3378ms

[Events]
  Status: FAILED
  Tests: 0 passed, 1 failed, 0 skipped
  Duration: 3500ms

[Groups]
  Status: FAILED
  Tests: 0 passed, 1 failed, 0 skipped
  Duration: 3389ms

[Real-time Messaging]
  Status: FAILED
  Tests: 0 passed, 1 failed, 0 skipped
  Duration: 3143ms

[Search Functionality]
  Status: FAILED
  Tests: 0 passed, 1 failed, 0 skipped
  Duration: 3211ms

[Admin Panel]
  Status: FAILED
  Tests: 0 passed, 1 failed, 0 skipped
  Duration: 3389ms

[Mobile Responsiveness]
  Status: FAILED
  Tests: 0 passed, 1 failed, 0 skipped
  Duration: 3246ms

