ESA LIFE CEO 61×21 - Test Execution Summary
Generated: Thu Sep 11 03:29:44 PM UTC 2025
━━━━━━━━━━━━━━━━━━━━━━━━━━━━━━━━━━━━━━

[Authentication]
  Status: FAILED
  Tests: 0 passed, 1 failed, 0 skipped
  Duration: 4642ms

[Profile Management]
  Status: FAILED
  Tests: 0 passed, 1 failed, 0 skipped
  Duration: 5926ms

[Posts/Memories]
  Status: FAILED
  Tests: 0 passed, 1 failed, 0 skipped
  Duration: 5927ms

[Events]
  Status: FAILED
  Tests: 0 passed, 1 failed, 0 skipped
  Duration: 5452ms

[Groups]
  Status: FAILED
  Tests: 0 passed, 1 failed, 0 skipped
  Duration: 3224ms

[Real-time Messaging]
  Status: FAILED
  Tests: 0 passed, 1 failed, 0 skipped
  Duration: 3613ms

[Search Functionality]
  Status: FAILED
  Tests: 0 passed, 1 failed, 0 skipped
  Duration: 3072ms

[Admin Panel]
  Status: FAILED
  Tests: 0 passed, 1 failed, 0 skipped
  Duration: 3072ms

[Mobile Responsiveness]
  Status: FAILED
  Tests: 0 passed, 1 failed, 0 skipped
  Duration: 3417ms

