ESA LIFE CEO 61×21 - Test Execution Summary
Generated: Thu Sep 11 03:37:07 PM UTC 2025
━━━━━━━━━━━━━━━━━━━━━━━━━━━━━━━━━━━━━━

[Authentication]
  Status: FAILED
  Tests: 0 passed, 1 failed, 0 skipped
  Duration: 3604ms

[Profile Management]
  Status: FAILED
  Tests: 0 passed, 1 failed, 0 skipped
  Duration: 3072ms

[Posts/Memories]
  Status: FAILED
  Tests: 0 passed, 1 failed, 0 skipped
  Duration: 3230ms

[Events]
  Status: FAILED
  Tests: 0 passed, 1 failed, 0 skipped
  Duration: 3146ms

[Groups]
  Status: FAILED
  Tests: 0 passed, 1 failed, 0 skipped
  Duration: 3319ms

[Real-time Messaging]
  Status: FAILED
  Tests: 0 passed, 1 failed, 0 skipped
  Duration: 3129ms

[Search Functionality]
  Status: FAILED
  Tests: 0 passed, 1 failed, 0 skipped
  Duration: 3336ms

[Admin Panel]
  Status: FAILED
  Tests: 0 passed, 1 failed, 0 skipped
  Duration: 3129ms

[Mobile Responsiveness]
  Status: FAILED
  Tests: 0 passed, 1 failed, 0 skipped
  Duration: 3202ms

