ESA LIFE CEO 61×21 - Test Execution Summary
Generated: Thu Sep 11 03:35:10 PM UTC 2025
━━━━━━━━━━━━━━━━━━━━━━━━━━━━━━━━━━━━━━

[Authentication]
  Status: FAILED
  Tests: 0 passed, 1 failed, 0 skipped
  Duration: 3398ms

[Profile Management]
  Status: FAILED
  Tests: 0 passed, 1 failed, 0 skipped
  Duration: 3332ms

[Posts/Memories]
  Status: FAILED
  Tests: 0 passed, 1 failed, 0 skipped
  Duration: 3469ms

[Events]
  Status: FAILED
  Tests: 0 passed, 1 failed, 0 skipped
  Duration: 3447ms

[Groups]
  Status: FAILED
  Tests: 0 passed, 1 failed, 0 skipped
  Duration: 3254ms

[Real-time Messaging]
  Status: FAILED
  Tests: 0 passed, 1 failed, 0 skipped
  Duration: 3320ms

[Search Functionality]
  Status: FAILED
  Tests: 0 passed, 1 failed, 0 skipped
  Duration: 3231ms

[Admin Panel]
  Status: FAILED
  Tests: 0 passed, 1 failed, 0 skipped
  Duration: 3124ms

[Mobile Responsiveness]
  Status: FAILED
  Tests: 0 passed, 1 failed, 0 skipped
  Duration: 3991ms

